Mon Dec 09 12:43:03 GMT 2013 : Apache Derby Network Server - 10.8.3.0 - (1405108) se ha iniciado y está listo para aceptar conexiones en el puerto 1527
----------------------------------------------------------------
Mon Dec 09 12:43:03 GMT 2013:
 Arrancando Derby versión The Apache Software Foundation - Apache Derby - 10.8.3.0 - (1405108): instancia a816c00e-0142-d761-d702-00006bff1693 
en el directorio de base de datos C:\Users\Josué\Documents\NetBeansProjects\tiendaonline\TiendaOnline-db  con el cargador de clases sun.misc.Launcher$AppClassLoader@1497b7b1

java.vendor=Oracle Corporation
java.runtime.version=1.7.0_45-b18
user.dir=C:\Program Files\Java\jdk1.7.0_45\db
os.name=Windows 8
os.arch=amd64
os.version=6.2
derby.system.home=C:\Users\Josué\Documents\NetBeansProjects\tiendaonline
Cargador de clases de base de datos iniciado - derby.database.classpath=''
----------------------------------------------------------------
Mon Dec 09 12:43:13 GMT 2013:
Cerrando la instancia a816c00e-0142-d761-d702-00006bff1693 en el directorio de base de datos C:\Users\Josué\Documents\NetBeansProjects\tiendaonline\TiendaOnline-db con cargador de clases sun.misc.Launcher$AppClassLoader@1497b7b1
Mon Dec 09 12:43:13 GMT 2013 Thread[DRDAConnThread_4,5,main] (DATABASE = TiendaOnline-db), (DRDAID = {2}), Conclusión de la base de datos 'TiendaOnline-db'.
----------------------------------------------------------------
Mon Dec 09 12:43:50 GMT 2013:
 Arrancando Derby versión The Apache Software Foundation - Apache Derby - 10.8.3.0 - (1405108): instancia 6c44409f-0142-d761-d702-00006bff1693 
en el directorio de base de datos C:\Users\Josué\Documents\NetBeansProjects\tiendaonline\TiendaOnline-db  con el cargador de clases sun.misc.Launcher$AppClassLoader@1497b7b1

java.vendor=Oracle Corporation
java.runtime.version=1.7.0_45-b18
user.dir=C:\Program Files\Java\jdk1.7.0_45\db
os.name=Windows 8
os.arch=amd64
os.version=6.2
derby.system.home=C:\Users\Josué\Documents\NetBeansProjects\tiendaonline
Cargador de clases de base de datos iniciado - derby.database.classpath=''
